<?xml version="1.0" encoding="UTF-8"?>
<!-- Generated by org.testng.reporters.JUnitReportReporter -->
<testsuite hostname="NODTBSD176AG" name="testcase.contactus_query" tests="4" failures="0" timestamp="24 Aug 2015 11:01:48 GMT" time="17.913" errors="0">
  <testcase name="submitQuery_Validations" time="7.548" classname="testcase.contactus_query"/>
  <testcase name="submitQuery" time="7.436" classname="testcase.contactus_query"/>
  <testcase name="close_contact_us" time="2.394" classname="testcase.contactus_query"/>
  <testcase name="open_contact_us" time="0.535" classname="testcase.contactus_query"/>
</testsuite> <!-- testcase.contactus_query -->
