<?xml version="1.0" encoding="UTF-8"?>
<!-- Generated by org.testng.reporters.JUnitReportReporter -->
<testsuite hostname="NODTBSD176AG" name="testcase.contactus_query" tests="4" failures="0" timestamp="14 Jul 2015 12:40:12 GMT" time="19.847" errors="0">
  <testcase name="submitQuery" time="12.650" classname="testcase.contactus_query"/>
  <testcase name="close_contact_us" time="0.783" classname="testcase.contactus_query"/>
  <testcase name="submitQuery_Validations" time="5.219" classname="testcase.contactus_query"/>
  <testcase name="open_contact_us" time="1.195" classname="testcase.contactus_query"/>
</testsuite> <!-- testcase.contactus_query -->
