<?xml version="1.0" encoding="UTF-8"?>
<!-- Generated by org.testng.reporters.JUnitReportReporter -->
<testsuite hostname="NODTBSD176AG" name="testcase.Registeration" tests="8" failures="0" timestamp="7 Aug 2015 06:54:02 GMT" time="110.645" errors="0">
  <testcase name="logout" time="13.461" classname="testcase.Registeration"/>
  <testcase name="user_Registeration" time="15.518" classname="testcase.Registeration"/>
  <testcase name="openRegisteration" time="5.706" classname="testcase.Registeration"/>
  <testcase name="forgetPassword" time="35.444" classname="testcase.Registeration"/>
  <testcase name="forget_pwd_email_verification" time="5.468" classname="testcase.Registeration"/>
  <testcase name="user_Registeration_Validations" time="14.235" classname="testcase.Registeration"/>
  <testcase name="Login" time="17.482" classname="testcase.Registeration"/>
  <testcase name="closeRegisteration_Shutter" time="3.331" classname="testcase.Registeration"/>
</testsuite> <!-- testcase.Registeration -->
