<?xml version="1.0" encoding="UTF-8"?>
<!-- Generated by org.testng.reporters.JUnitReportReporter -->
<testsuite hostname="NODTBSD176AG" name="testcase.Improve_resume" tests="1" failures="0" timestamp="31 Jul 2015 05:33:59 GMT" time="5.079" errors="0">
  <testcase name="Improve_Resume_hover" time="5.079" classname="testcase.Improve_resume"/>
</testsuite> <!-- testcase.Improve_resume -->
