<?xml version="1.0" encoding="UTF-8"?>
<!-- Generated by org.testng.reporters.JUnitReportReporter -->
<testsuite hostname="NODTBSD176AG" name="testcase.Registeration" tests="1" failures="0" timestamp="10 Jul 2015 11:28:11 GMT" time="0.006" errors="0">
  <testcase name="test_open" time="0.006" classname="testcase.Registeration"/>
</testsuite> <!-- testcase.Registeration -->
