<?xml version="1.0" encoding="UTF-8"?>
<!-- Generated by org.testng.reporters.JUnitReportReporter -->
<testsuite hostname="NODTBSD176AG" name="testcase.contactus_query" tests="4" failures="0" timestamp="7 Aug 2015 06:54:02 GMT" time="14.766" errors="0">
  <testcase name="submitQuery" time="4.887" classname="testcase.contactus_query"/>
  <testcase name="close_contact_us" time="2.369" classname="testcase.contactus_query"/>
  <testcase name="open_contact_us" time="0.557" classname="testcase.contactus_query"/>
  <testcase name="submitQuery_Validations" time="6.953" classname="testcase.contactus_query"/>
</testsuite> <!-- testcase.contactus_query -->
