<?xml version="1.0" encoding="UTF-8"?>
<!-- Generated by org.testng.reporters.JUnitReportReporter -->
<testsuite hostname="NODTBSD176AG" name="testcase.contactus_query" tests="4" failures="0" timestamp="9 Jul 2015 05:16:18 GMT" time="21.634" errors="0">
  <testcase name="open_contact_us" time="0.890" classname="testcase.contactus_query"/>
  <testcase name="submitQuery" time="11.158" classname="testcase.contactus_query"/>
  <testcase name="submitQuery_Validations" time="6.466" classname="testcase.contactus_query"/>
  <testcase name="close_contact_us" time="3.120" classname="testcase.contactus_query"/>
</testsuite> <!-- testcase.contactus_query -->
