<?xml version="1.0" encoding="UTF-8"?>
<!-- Generated by org.testng.reporters.JUnitReportReporter -->
<testsuite hostname="NODTBSD176AG" name="testcase.contactus_query" tests="4" failures="0" timestamp="14 Jul 2015 05:27:13 GMT" time="15.203" errors="0">
  <testcase name="close_contact_us" time="0.831" classname="testcase.contactus_query"/>
  <testcase name="submitQuery_Validations" time="5.362" classname="testcase.contactus_query"/>
  <testcase name="open_contact_us" time="1.178" classname="testcase.contactus_query"/>
  <testcase name="submitQuery" time="7.832" classname="testcase.contactus_query"/>
</testsuite> <!-- testcase.contactus_query -->
