<?xml version="1.0" encoding="UTF-8"?>
<!-- Generated by org.testng.reporters.JUnitReportReporter -->
<testsuite hostname="NODTBSD176AG" name="testcase.Magic_Resume_India" tests="10" failures="0" timestamp="28 Aug 2015 05:37:31 GMT" time="78.175" errors="0">
  <testcase name="click_improve_resume_lindia_ink" time="14.961" classname="testcase.Magic_Resume_India"/>
  <testcase name="click_MR_India_Button" time="14.365" classname="testcase.Magic_Resume_India"/>
  <testcase name="Click_MR_Internation_MidLevel_Tab" time="14.658" classname="testcase.Magic_Resume_India"/>
  <testcase name="click_MR_Internation_Button" time="5.871" classname="testcase.Magic_Resume_India"/>
  <testcase name="Click_MR_Internation_EntryLevel_Tab" time="2.366" classname="testcase.Magic_Resume_India"/>
  <testcase name="Click_MR_India_MidLevel_Tab" time="5.039" classname="testcase.Magic_Resume_India"/>
  <testcase name="Click_body_Improve_resume_Link" time="10.580" classname="testcase.Magic_Resume_India"/>
  <testcase name="Click_MR_Internation_SeniorLevel_Tab" time="5.991" classname="testcase.Magic_Resume_India"/>
  <testcase name="Click_MR_India_EntryLevel_Tab" time="1.046" classname="testcase.Magic_Resume_India"/>
  <testcase name="Click_MR_India_SeniorLevel_Tab" time="3.298" classname="testcase.Magic_Resume_India"/>
</testsuite> <!-- testcase.Magic_Resume_India -->
