<?xml version="1.0" encoding="UTF-8"?>
<!-- Generated by org.testng.reporters.JUnitReportReporter -->
<testsuite hostname="NODTBSD176AG" name="testcase.Registeration" tests="8" failures="0" timestamp="31 Jul 2015 05:33:59 GMT" time="95.427" errors="0">
  <testcase name="user_Registeration_Validations" time="9.724" classname="testcase.Registeration"/>
  <testcase name="forgetPassword" time="33.034" classname="testcase.Registeration"/>
  <testcase name="openRegisteration" time="4.273" classname="testcase.Registeration"/>
  <testcase name="closeRegisteration_Shutter" time="3.254" classname="testcase.Registeration"/>
  <testcase name="logout" time="13.973" classname="testcase.Registeration"/>
  <testcase name="forget_pwd_email_verification" time="3.782" classname="testcase.Registeration"/>
  <testcase name="Login" time="15.036" classname="testcase.Registeration"/>
  <testcase name="user_Registeration" time="12.351" classname="testcase.Registeration"/>
</testsuite> <!-- testcase.Registeration -->
