<?xml version="1.0" encoding="UTF-8"?>
<!-- Generated by org.testng.reporters.JUnitReportReporter -->
<testsuite hostname="NODTBSD176AG" name="testcase.contactus_query" tests="4" failures="0" timestamp="26 Aug 2015 11:33:16 GMT" time="15.178" errors="0">
  <testcase name="submitQuery" time="7.138" classname="testcase.contactus_query"/>
  <testcase name="open_contact_us" time="0.696" classname="testcase.contactus_query"/>
  <testcase name="close_contact_us" time="0.649" classname="testcase.contactus_query"/>
  <testcase name="submitQuery_Validations" time="6.695" classname="testcase.contactus_query"/>
</testsuite> <!-- testcase.contactus_query -->
