<?xml version="1.0" encoding="UTF-8"?>
<!-- Generated by org.testng.reporters.JUnitReportReporter -->
<testsuite hostname="NODTBSD176AG" name="testcase.Registeration" tests="8" failures="0" timestamp="26 Aug 2015 11:33:16 GMT" time="113.598" errors="0">
  <testcase name="user_Registeration" time="28.745" classname="testcase.Registeration"/>
  <testcase name="openRegisteration" time="2.273" classname="testcase.Registeration"/>
  <testcase name="forget_pwd_email_verification" time="3.478" classname="testcase.Registeration"/>
  <testcase name="closeRegisteration_Shutter" time="3.374" classname="testcase.Registeration"/>
  <testcase name="Login" time="15.669" classname="testcase.Registeration"/>
  <testcase name="user_Registeration_Validations" time="12.459" classname="testcase.Registeration"/>
  <testcase name="forgetPassword" time="36.965" classname="testcase.Registeration"/>
  <testcase name="logout" time="10.635" classname="testcase.Registeration"/>
</testsuite> <!-- testcase.Registeration -->
