<?xml version="1.0" encoding="UTF-8"?>
<!-- Generated by org.testng.reporters.JUnitReportReporter -->
<testsuite hostname="NODTBSD176AG" name="testcase.Improve_resume" tests="9" failures="0" timestamp="7 Aug 2015 06:54:02 GMT" time="75.345" errors="0">
  <testcase name="click_visual_resume_premium" time="6.450" classname="testcase.Improve_resume"/>
  <testcase name="click_socialprofiler" time="10.705" classname="testcase.Improve_resume"/>
  <testcase name="click_visual_resume" time="11.398" classname="testcase.Improve_resume"/>
  <testcase name="click_ResumeCritique" time="4.551" classname="testcase.Improve_resume"/>
  <testcase name="Improve_Resume_hover" time="13.218" classname="testcase.Improve_resume"/>
  <testcase name="click_view_sample_resume" time="5.412" classname="testcase.Improve_resume"/>
  <testcase name="Click_MRI" time="6.620" classname="testcase.Improve_resume"/>
  <testcase name="click_view_all_services" time="7.528" classname="testcase.Improve_resume"/>
  <testcase name="Click_MR_International" time="9.463" classname="testcase.Improve_resume"/>
</testsuite> <!-- testcase.Improve_resume -->
