<?xml version="1.0" encoding="UTF-8"?>
<!-- Generated by org.testng.reporters.JUnitReportReporter -->
<testsuite hostname="NODTBSD176AG" name="testcase.Improve_resume" tests="1" failures="0" timestamp="23 Jul 2015 12:27:27 GMT" time="22.205" errors="0">
  <testcase name="Login" time="22.205" classname="testcase.Improve_resume"/>
</testsuite> <!-- testcase.Improve_resume -->
