<?xml version="1.0" encoding="UTF-8"?>
<!-- Generated by org.testng.reporters.JUnitReportReporter -->
<testsuite hostname="NODTBSD176AG" name="testcase.Registeration" tests="7" failures="0" timestamp="14 Jul 2015 12:40:12 GMT" time="29.375" errors="0">
  <testcase name="openRegisteration" time="0.624" classname="testcase.Registeration"/>
  <testcase name="closeRegisteration_Shutter" time="4.540" classname="testcase.Registeration"/>
  <testcase name="email_verification" time="0.036" classname="testcase.Registeration"/>
  <testcase name="forgetPassword" time="2.265" classname="testcase.Registeration"/>
  <testcase name="user_Registeration_Validations" time="7.844" classname="testcase.Registeration"/>
  <testcase name="logout" time="6.324" classname="testcase.Registeration"/>
  <testcase name="user_Registeration" time="7.742" classname="testcase.Registeration"/>
</testsuite> <!-- testcase.Registeration -->
