<?xml version="1.0" encoding="UTF-8"?>
<!-- Generated by org.testng.reporters.JUnitReportReporter -->
<testsuite hostname="NODTBSD176AG" name="testcase.Registeration" tests="4" failures="0" timestamp="14 Jul 2015 05:27:13 GMT" time="14.914" errors="0">
  <testcase name="user_Registeration" time="1.306" classname="testcase.Registeration"/>
  <testcase name="openRegisteration" time="1.825" classname="testcase.Registeration"/>
  <testcase name="user_Registeration_Validations" time="7.132" classname="testcase.Registeration"/>
  <testcase name="closeRegisteration_Shutter" time="4.651" classname="testcase.Registeration"/>
</testsuite> <!-- testcase.Registeration -->
