<?xml version="1.0" encoding="UTF-8"?>
<!-- Generated by org.testng.reporters.JUnitReportReporter -->
<testsuite hostname="NODTBSD176AG" name="testcase.Improve_resume" tests="9" failures="0" timestamp="28 Aug 2015 05:37:31 GMT" time="78.703" errors="0">
  <testcase name="click_ResumeCritique" time="9.603" classname="testcase.Improve_resume"/>
  <testcase name="click_view_all_services" time="8.182" classname="testcase.Improve_resume"/>
  <testcase name="click_socialprofiler" time="8.903" classname="testcase.Improve_resume"/>
  <testcase name="click_visual_resume" time="6.642" classname="testcase.Improve_resume"/>
  <testcase name="Click_MRI" time="6.446" classname="testcase.Improve_resume"/>
  <testcase name="click_view_sample_resume" time="6.327" classname="testcase.Improve_resume"/>
  <testcase name="Click_MR_International" time="10.831" classname="testcase.Improve_resume"/>
  <testcase name="click_visual_resume_premium" time="8.243" classname="testcase.Improve_resume"/>
  <testcase name="Improve_Resume_hover" time="13.526" classname="testcase.Improve_resume"/>
</testsuite> <!-- testcase.Improve_resume -->
