<?xml version="1.0" encoding="UTF-8"?>
<!-- Generated by org.testng.reporters.JUnitReportReporter -->
<testsuite hostname="NODTBSD176AG" name="testcase.contactus_query" tests="4" failures="0" timestamp="28 Aug 2015 05:37:31 GMT" time="14.188" errors="0">
  <testcase name="close_contact_us" time="0.429" classname="testcase.contactus_query"/>
  <testcase name="submitQuery" time="6.004" classname="testcase.contactus_query"/>
  <testcase name="open_contact_us" time="0.885" classname="testcase.contactus_query"/>
  <testcase name="submitQuery_Validations" time="6.870" classname="testcase.contactus_query"/>
</testsuite> <!-- testcase.contactus_query -->
