<?xml version="1.0" encoding="UTF-8"?>
<!-- Generated by org.testng.reporters.JUnitReportReporter -->
<testsuite hostname="NODTBSD176AG" name="testcase.contactus_query" tests="4" failures="0" timestamp="31 Jul 2015 05:33:59 GMT" time="15.947" errors="0">
  <testcase name="close_contact_us" time="2.311" classname="testcase.contactus_query"/>
  <testcase name="submitQuery_Validations" time="5.617" classname="testcase.contactus_query"/>
  <testcase name="submitQuery" time="7.493" classname="testcase.contactus_query"/>
  <testcase name="open_contact_us" time="0.526" classname="testcase.contactus_query"/>
</testsuite> <!-- testcase.contactus_query -->
