<?xml version="1.0" encoding="UTF-8"?>
<!-- Generated by org.testng.reporters.JUnitReportReporter -->
<testsuite hostname="NODTBSD176AG" name="RND.FindBrokenLinks" tests="1" failures="0" timestamp="18 Aug 2015 05:30:39 GMT" time="38.894" errors="0">
  <testcase name="testLinks" time="38.894" classname="RND.FindBrokenLinks"/>
</testsuite> <!-- RND.FindBrokenLinks -->
