<?xml version="1.0" encoding="UTF-8"?>
<!-- Generated by org.testng.reporters.JUnitReportReporter -->
<testsuite hostname="NODTBSD176AG" name="testcase.Registeration" tests="8" failures="0" timestamp="23 Jul 2015 11:35:38 GMT" time="116.549" errors="0">
  <testcase name="openRegisteration" time="0.875" classname="testcase.Registeration"/>
  <testcase name="logout" time="18.607" classname="testcase.Registeration"/>
  <testcase name="forget_pwd_email_verification" time="6.430" classname="testcase.Registeration"/>
  <testcase name="Login" time="24.328" classname="testcase.Registeration"/>
  <testcase name="forgetPassword" time="2.910" classname="testcase.Registeration"/>
  <testcase name="user_Registeration_Validations" time="22.272" classname="testcase.Registeration"/>
  <testcase name="closeRegisteration_Shutter" time="4.881" classname="testcase.Registeration"/>
  <testcase name="user_Registeration" time="36.246" classname="testcase.Registeration"/>
</testsuite> <!-- testcase.Registeration -->
