<?xml version="1.0" encoding="UTF-8"?>
<!-- Generated by org.testng.reporters.JUnitReportReporter -->
<testsuite hostname="NODTBSD176AG" name="testcase.Improve_resume" tests="9" failures="0" timestamp="26 Aug 2015 11:33:16 GMT" time="78.595" errors="0">
  <testcase name="click_socialprofiler" time="6.198" classname="testcase.Improve_resume"/>
  <testcase name="Improve_Resume_hover" time="12.975" classname="testcase.Improve_resume"/>
  <testcase name="Click_MRI" time="8.367" classname="testcase.Improve_resume"/>
  <testcase name="Click_MR_International" time="10.329" classname="testcase.Improve_resume"/>
  <testcase name="click_visual_resume" time="13.073" classname="testcase.Improve_resume"/>
  <testcase name="click_view_sample_resume" time="6.357" classname="testcase.Improve_resume"/>
  <testcase name="click_ResumeCritique" time="6.024" classname="testcase.Improve_resume"/>
  <testcase name="click_view_all_services" time="10.895" classname="testcase.Improve_resume"/>
  <testcase name="click_visual_resume_premium" time="4.377" classname="testcase.Improve_resume"/>
</testsuite> <!-- testcase.Improve_resume -->
