<?xml version="1.0" encoding="UTF-8"?>
<!-- Generated by org.testng.reporters.JUnitReportReporter -->
<testsuite hostname="NODTBSD176AG" name="testcase.Magic_Resume_India" tests="10" failures="0" timestamp="26 Aug 2015 11:33:16 GMT" time="84.513" errors="0">
  <testcase name="click_MR_Internation_Button" time="2.765" classname="testcase.Magic_Resume_India"/>
  <testcase name="Click_MR_India_EntryLevel_Tab" time="4.521" classname="testcase.Magic_Resume_India"/>
  <testcase name="Click_MR_Internation_MidLevel_Tab" time="8.397" classname="testcase.Magic_Resume_India"/>
  <testcase name="Click_MR_Internation_SeniorLevel_Tab" time="5.943" classname="testcase.Magic_Resume_India"/>
  <testcase name="Click_MR_Internation_EntryLevel_Tab" time="6.101" classname="testcase.Magic_Resume_India"/>
  <testcase name="click_MR_India_Button" time="17.793" classname="testcase.Magic_Resume_India"/>
  <testcase name="click_improve_resume_lindia_ink" time="13.234" classname="testcase.Magic_Resume_India"/>
  <testcase name="Click_MR_India_MidLevel_Tab" time="4.871" classname="testcase.Magic_Resume_India"/>
  <testcase name="Click_body_Improve_resume_Link" time="10.956" classname="testcase.Magic_Resume_India"/>
  <testcase name="Click_MR_India_SeniorLevel_Tab" time="9.932" classname="testcase.Magic_Resume_India"/>
</testsuite> <!-- testcase.Magic_Resume_India -->
