<?xml version="1.0" encoding="UTF-8"?>
<!-- Generated by org.testng.reporters.JUnitReportReporter -->
<testsuite hostname="NODTBSD176AG" name="testcase.contactus_query" tests="4" failures="0" timestamp="23 Jul 2015 07:53:31 GMT" time="18.964" errors="0">
  <testcase name="submitQuery_Validations" time="5.917" classname="testcase.contactus_query"/>
  <testcase name="close_contact_us" time="0.764" classname="testcase.contactus_query"/>
  <testcase name="open_contact_us" time="0.883" classname="testcase.contactus_query"/>
  <testcase name="submitQuery" time="11.400" classname="testcase.contactus_query"/>
</testsuite> <!-- testcase.contactus_query -->
